2016-05-31 21:22:06 INFO  MainController:29 - ***In firstGet method
2016-05-31 21:22:10 INFO  MainController:36 - ***In firstPost method
2016-05-31 21:22:13 INFO  MainController:36 - ***In firstPost method
2016-05-31 21:22:13 INFO  MainController:36 - ***In firstPost method
2016-05-31 21:22:14 INFO  MainController:36 - ***In firstPost method
2016-05-31 21:22:14 INFO  MainController:36 - ***In firstPost method
2016-05-31 21:22:14 INFO  MainController:36 - ***In firstPost method
2016-05-31 21:22:14 INFO  MainController:36 - ***In firstPost method
2016-05-31 21:22:14 INFO  MainController:36 - ***In firstPost method
2016-05-31 21:22:15 INFO  MainController:36 - ***In firstPost method
2016-05-31 21:22:54 INFO  MainController:36 - ***In firstPost method
2016-05-31 21:24:50 INFO  MainController:36 - ***In firstPost method
2016-05-31 21:24:55 INFO  MainController:36 - ***In firstPost method
2016-05-31 21:24:56 INFO  MainController:36 - ***In firstPost method
2016-05-31 21:24:57 INFO  MainController:36 - ***In firstPost method
2016-05-31 21:24:57 INFO  MainController:36 - ***In firstPost method
2016-05-31 21:26:55 INFO  MainController:36 - ***In firstPost method
2016-05-31 21:26:59 INFO  MainController:44 - ***In create method
2016-05-31 21:27:07 INFO  MainController:29 - ***In firstGet method
2016-05-31 21:29:33 INFO  MainController:29 - ***In firstGet method
2016-05-31 21:29:36 INFO  MainController:44 - ***In create method
2016-05-31 21:29:37 INFO  MainController:29 - ***In firstGet method
2016-05-31 21:29:38 INFO  MainController:44 - ***In create method
2016-05-31 21:29:39 INFO  MainController:29 - ***In firstGet method
2016-05-31 21:29:40 INFO  MainController:44 - ***In create method
2016-05-31 21:30:08 INFO  MainController:29 - ***In firstGet method
2016-05-31 21:30:13 INFO  MainController:36 - ***In firstPost method
2016-05-31 21:30:15 INFO  MainController:44 - ***In create method
2016-05-31 21:30:16 INFO  MainController:29 - ***In firstGet method
2016-05-31 21:34:37 INFO  MainController:29 - ***In firstGet method
2016-05-31 21:34:42 INFO  MainController:44 - ***In createGet method
2016-05-31 21:34:46 INFO  MainController:29 - ***In firstGet method
2016-05-31 21:34:52 INFO  MainController:44 - ***In createGet method
2016-05-31 22:06:02 INFO  MainController:29 - ***In firstGet method
2016-05-31 22:06:08 INFO  MainController:44 - ***In createGet method
2016-05-31 22:06:12 INFO  MainController:29 - ***In firstGet method
2016-05-31 22:06:18 INFO  MainController:29 - ***In firstGet method
2016-05-31 22:09:39 INFO  MainController:29 - ***In firstGet method
2016-05-31 22:09:48 INFO  MainController:36 - ***In firstPost method
2016-05-31 22:15:49 INFO  MainController:36 - ***In firstPost method
2016-05-31 22:29:20 INFO  MainController:44 - ***In createGet method
2016-05-31 22:29:21 INFO  MainController:44 - ***In createGet method
2016-05-31 22:29:39 INFO  MainController:29 - ***In firstGet method
2016-05-31 22:29:44 INFO  MainController:29 - ***In firstGet method
2016-05-31 22:29:55 INFO  MainController:44 - ***In createGet method
2016-05-31 22:30:06 INFO  MainController:29 - ***In firstGet method
2016-05-31 22:30:20 INFO  MainController:29 - ***In firstGet method
2016-05-31 22:33:45 INFO  MainController:29 - ***In firstGet method
2016-05-31 22:33:52 INFO  MainController:36 - ***In firstPost method
2016-05-31 22:33:53 INFO  MainController:36 - ***In firstPost method
2016-05-31 22:33:54 INFO  MainController:36 - ***In firstPost method
2016-05-31 22:33:54 INFO  MainController:36 - ***In firstPost method
2016-05-31 22:33:57 INFO  MainController:36 - ***In firstPost method
2016-05-31 22:38:33 INFO  MainController:36 - ***In firstPost method
2016-05-31 22:38:39 INFO  MainController:36 - ***In firstPost method
2016-05-31 22:38:51 INFO  MainController:51 - ***In createGet method
2016-05-31 22:38:54 INFO  MainController:29 - ***In firstGet method
2016-05-31 22:39:03 INFO  MainController:36 - ***In firstPost method
2016-05-31 22:39:05 INFO  MainController:36 - ***In firstPost method
2016-05-31 22:39:05 INFO  MainController:36 - ***In firstPost method
2016-05-31 22:39:06 INFO  MainController:36 - ***In firstPost method
2016-05-31 22:39:06 INFO  MainController:36 - ***In firstPost method
2016-05-31 22:39:06 INFO  MainController:36 - ***In firstPost method
2016-05-31 22:39:06 INFO  MainController:36 - ***In firstPost method
2016-05-31 22:40:45 INFO  MainController:29 - ***In firstGet method
2016-05-31 22:44:19 INFO  MainController:29 - ***In firstGet method
2016-05-31 22:44:23 INFO  MainController:36 - ***In firstPost method
2016-05-31 22:44:27 INFO  MainController:43 - ***In infoGet method
2016-05-31 22:44:30 INFO  MainController:58 - ***In createGet method
2016-05-31 22:44:31 INFO  MainController:29 - ***In firstGet method
2016-05-31 22:44:39 INFO  MainController:43 - ***In infoGet method
2016-05-31 22:52:07 INFO  MainController:29 - ***In firstGet method
2016-05-31 22:52:19 INFO  MainController:43 - ***In infoGet method
2016-05-31 22:52:31 INFO  MainController:58 - ***In createGet method
2016-05-31 22:52:42 INFO  MainController:65 - ***In createPost method
2016-06-01 22:17:39 INFO  MainController:29 - ***In firstGet method
2016-06-01 22:17:46 INFO  MainController:43 - ***In infoGet method
2016-06-01 22:18:38 INFO  MainController:43 - ***In infoGet method
2016-06-01 22:19:44 INFO  MainController:36 - ***In firstPost method
2016-06-01 22:29:14 INFO  MainController:29 - ***In firstGet method
2016-06-01 22:29:20 INFO  MainController:29 - ***In firstGet method
2016-06-01 22:29:30 INFO  MainController:43 - ***In firstPost method
2016-06-01 22:29:40 INFO  MainController:29 - ***In firstGet method
2016-06-01 22:29:41 INFO  MainController:29 - ***In firstGet method
2016-06-01 22:29:46 INFO  MainController:36 - ***In infoGet method
2016-06-01 22:29:51 INFO  MainController:29 - ***In firstGet method
2016-06-01 22:29:53 INFO  MainController:36 - ***In infoGet method
2016-06-01 22:34:05 INFO  MainController:29 - ***In firstGet method
2016-06-01 22:34:05 INFO  MainController:29 - ***In firstGet method
2016-06-01 22:38:03 INFO  MainController:29 - ***In firstGet method
2016-06-01 22:38:11 INFO  MainController:43 - ***In firstPost method
2016-06-01 22:38:29 INFO  MainController:43 - ***In firstPost method
2016-06-01 22:39:08 INFO  MainController:36 - ***In infoGet method
2016-06-01 22:39:29 INFO  MainController:36 - ***In infoGet method
2016-06-01 22:52:58 INFO  MainController:29 - ***In firstGet method
2016-06-01 22:53:06 INFO  MainController:36 - ***In infoGet method
2016-06-01 22:55:24 INFO  MainController:29 - ***In firstGet method
2016-06-01 22:58:19 INFO  MainController:29 - ***In firstGet method
2016-06-01 22:58:26 INFO  MainController:36 - ***In firstPost method
2016-06-01 23:12:12 INFO  MainController:29 - ***In firstGet method
2016-06-01 23:12:18 INFO  MainController:36 - ***In firstPost method
2016-06-01 23:21:37 INFO  MainController:29 - ***In firstGet method
2016-06-01 23:21:43 INFO  MainController:36 - ***In firstPost method
2016-06-01 23:26:39 INFO  MainController:29 - ***In firstGet method
2016-06-01 23:26:46 INFO  MainController:36 - ***In firstPost method
2016-06-01 23:28:20 INFO  MainController:29 - ***In firstGet method
2016-06-01 23:28:24 INFO  MainController:36 - ***In firstPost method
2016-06-01 23:40:33 INFO  MainController:29 - ***In firstGet method
2016-06-01 23:40:38 INFO  MainController:36 - ***In infoPost method
2016-06-01 23:44:24 INFO  MainController:29 - ***In firstGet method
2016-06-01 23:45:01 INFO  MainController:36 - ***In infoPost method
2016-06-01 23:45:03 INFO  MainController:29 - ***In firstGet method
2016-06-01 23:45:07 INFO  MainController:36 - ***In infoPost method
2016-06-01 23:45:16 INFO  MainController:29 - ***In firstGet method
2016-06-01 23:45:19 INFO  MainController:36 - ***In infoPost method
2016-06-01 23:45:20 INFO  MainController:29 - ***In firstGet method
2016-06-01 23:45:22 INFO  MainController:36 - ***In infoPost method
2016-06-01 23:45:24 INFO  MainController:29 - ***In firstGet method
2016-06-01 23:45:26 INFO  MainController:36 - ***In infoPost method
2016-06-01 23:45:27 INFO  MainController:29 - ***In firstGet method
2016-06-01 23:45:31 INFO  MainController:36 - ***In infoPost method
2016-06-01 23:45:32 INFO  MainController:29 - ***In firstGet method
2016-06-02 00:04:36 INFO  MainController:29 - ***In firstGet method
2016-06-02 00:04:42 INFO  MainController:36 - ***In infoPost method
2016-06-02 00:05:08 INFO  MainController:29 - ***In firstGet method
2016-06-02 23:20:41 INFO  MainController:29 - ***In firstGet method
2016-06-03 22:02:58 INFO  MainController:29 - ***In firstGet method
2016-06-03 22:05:30 INFO  MainController:29 - ***In firstGet method
2016-06-03 22:10:33 INFO  MainController:29 - ***In firstGet method
2016-06-03 22:10:38 INFO  MainController:36 - ***In infoPost method
2016-06-03 22:10:40 INFO  MainController:29 - ***In firstGet method
2016-06-03 22:10:42 INFO  MainController:36 - ***In infoPost method
2016-06-03 22:10:43 INFO  MainController:29 - ***In firstGet method
2016-06-03 22:10:44 INFO  MainController:36 - ***In infoPost method
2016-06-03 22:10:46 INFO  MainController:29 - ***In firstGet method
2016-06-03 22:10:47 INFO  MainController:36 - ***In infoPost method
2016-06-03 22:10:48 INFO  MainController:29 - ***In firstGet method
2016-06-03 22:10:49 INFO  MainController:36 - ***In infoPost method
2016-06-03 22:10:52 INFO  MainController:29 - ***In firstGet method
2016-06-03 22:10:55 INFO  MainController:36 - ***In infoPost method
2016-06-03 22:11:00 INFO  MainController:29 - ***In firstGet method
2016-06-03 22:11:03 INFO  MainController:36 - ***In infoPost method
2016-06-03 22:11:37 INFO  MainController:29 - ***In firstGet method
2016-06-03 22:11:41 INFO  MainController:36 - ***In infoPost method
2016-06-03 22:11:42 INFO  MainController:29 - ***In firstGet method
2016-06-03 22:11:43 INFO  MainController:36 - ***In infoPost method
2016-06-03 22:11:44 INFO  MainController:29 - ***In firstGet method
2016-06-03 22:11:45 INFO  MainController:36 - ***In infoPost method
2016-06-03 22:11:46 INFO  MainController:29 - ***In firstGet method
2016-06-03 22:11:47 INFO  MainController:36 - ***In infoPost method
2016-06-03 22:12:01 INFO  MainController:29 - ***In firstGet method
2016-06-03 22:12:04 INFO  MainController:36 - ***In infoPost method
2016-06-03 22:12:07 INFO  MainController:29 - ***In firstGet method
2016-06-03 22:12:08 INFO  MainController:36 - ***In infoPost method
2016-06-03 22:12:09 INFO  MainController:29 - ***In firstGet method
2016-06-03 22:12:10 INFO  MainController:36 - ***In infoPost method
2016-06-03 22:12:11 INFO  MainController:29 - ***In firstGet method
2016-06-03 22:12:13 INFO  MainController:36 - ***In infoPost method
2016-06-03 22:12:29 INFO  MainController:29 - ***In firstGet method
2016-06-04 14:30:24 INFO  MainController:29 - ***In firstGet method
2016-06-04 14:30:29 INFO  MainController:44 - ***In infoPost method
2016-06-04 14:30:32 INFO  MainController:29 - ***In firstGet method
2016-06-04 14:30:34 INFO  MainController:36 - ***In infoGet method
2016-06-04 14:33:44 INFO  MainController:29 - ***In firstGet method
2016-06-04 14:33:51 INFO  MainController:44 - ***In infoPost method
2016-06-04 14:33:57 INFO  MainController:29 - ***In firstGet method
2016-06-04 14:34:00 INFO  MainController:36 - ***In infoGet method
2016-06-06 14:47:00 INFO  MainController:29 - ***In firstGet method
2016-06-06 14:47:06 INFO  MainController:36 - ***In infoPost method
2016-06-06 14:47:10 INFO  MainController:29 - ***In firstGet method
2016-06-06 14:47:13 INFO  MainController:36 - ***In infoPost method
2016-06-06 14:47:15 INFO  MainController:29 - ***In firstGet method
2016-06-06 14:47:18 INFO  MainController:36 - ***In infoPost method
2016-06-06 14:50:12 INFO  MainController:29 - ***In firstGet method
2016-06-06 14:50:15 INFO  MainController:36 - ***In infoPost method
2016-06-06 14:50:17 INFO  MainController:44 - ***In editPost method
2016-06-06 14:54:34 INFO  MainController:29 - ***In firstGet method
2016-06-06 14:54:36 INFO  MainController:36 - ***In infoPost method
2016-06-06 14:54:38 INFO  MainController:44 - ***In editPost method
2016-06-06 17:39:25 INFO  MainController:29 - ***In firstGet method
2016-06-06 17:39:33 INFO  MainController:36 - ***In infoPost method
2016-06-06 17:39:35 INFO  MainController:44 - ***In editPost method
2016-06-06 17:47:37 INFO  MainController:29 - ***In firstGet method
2016-06-06 17:47:40 INFO  MainController:36 - ***In infoPost method
2016-06-06 17:47:42 INFO  MainController:44 - ***In editPost method
2016-06-06 17:56:16 INFO  MainController:29 - ***In firstGet method
2016-06-06 17:56:20 INFO  MainController:36 - ***In infoPost method
2016-06-06 17:56:21 INFO  MainController:44 - ***In editPost method
2016-06-06 18:01:13 INFO  MainController:29 - ***In firstGet method
2016-06-06 18:01:17 INFO  MainController:36 - ***In infoPost method
2016-06-06 18:01:18 INFO  MainController:44 - ***In editPost method
2016-06-06 18:05:18 INFO  MainController:29 - ***In firstGet method
2016-06-06 18:05:22 INFO  MainController:36 - ***In infoPost method
2016-06-06 18:05:24 INFO  MainController:44 - ***In editPost method
2016-06-06 18:05:38 INFO  MainController:44 - ***In editPost method
2016-06-06 18:06:18 INFO  MainController:44 - ***In editPost method
2016-06-06 18:07:21 INFO  MainController:44 - ***In editPost method
2016-06-06 18:07:26 INFO  MainController:44 - ***In editPost method
2016-06-06 18:07:28 INFO  MainController:44 - ***In editPost method
2016-06-06 18:07:35 INFO  MainController:29 - ***In firstGet method
2016-06-06 18:07:39 INFO  MainController:36 - ***In infoPost method
2016-06-06 18:07:41 INFO  MainController:44 - ***In editPost method
2016-06-06 18:07:52 INFO  MainController:29 - ***In firstGet method
2016-06-06 18:07:59 INFO  MainController:36 - ***In infoPost method
2016-06-06 18:13:05 INFO  MainController:29 - ***In firstGet method
2016-06-06 18:13:10 INFO  MainController:36 - ***In infoPost method
2016-06-06 18:13:11 INFO  MainController:44 - ***In editPost method
2016-06-06 18:21:20 INFO  MainController:44 - ***In editPost method
2016-06-06 22:39:05 INFO  MainController:29 - ***In firstGet method
2016-06-06 22:39:09 INFO  MainController:36 - ***In infoPost method
2016-06-06 22:39:12 INFO  MainController:44 - ***In editPost method
2016-06-06 22:48:55 INFO  MainController:29 - ***In firstGet method
2016-06-06 22:49:00 INFO  MainController:36 - ***In infoPost method
2016-06-06 22:49:02 INFO  MainController:44 - ***In editGet method
2016-06-06 22:54:08 INFO  MainController:29 - ***In firstGet method
2016-06-06 22:54:08 INFO  MainController:29 - ***In firstGet method
2016-06-06 22:54:12 INFO  MainController:36 - ***In infoPost method
2016-06-06 22:54:20 INFO  MainController:44 - ***In editGet method
2016-06-06 23:01:33 INFO  MainController:30 - ***In firstGet method
2016-06-06 23:01:38 INFO  MainController:37 - ***In infoPost method
2016-06-06 23:01:42 INFO  MainController:45 - ***In editGet method
2016-06-06 23:02:09 INFO  MainController:45 - ***In editGet method
2016-06-06 23:07:52 INFO  MainController:30 - ***In firstGet method
2016-06-06 23:07:55 INFO  MainController:37 - ***In infoPost method
2016-06-06 23:33:44 INFO  MainController:30 - ***In firstGet method
2016-06-06 23:33:49 INFO  MainController:37 - ***In infoPost method
2016-06-06 23:34:14 INFO  MainController:45 - ***In editPost method
2016-06-07 00:18:47 INFO  MainController:30 - ***In firstGet method
2016-06-07 00:18:52 INFO  MainController:37 - ***In infoPost method
2016-06-07 00:18:53 INFO  MainController:45 - ***In editGet method
2016-06-07 00:19:05 INFO  MainController:45 - ***In editGet method
2016-06-07 00:19:09 INFO  MainController:45 - ***In editGet method
2016-06-07 00:22:28 INFO  MainController:30 - ***In firstGet method
2016-06-07 00:22:32 INFO  MainController:37 - ***In infoPost method
2016-06-07 00:22:47 INFO  MainController:45 - ***In editGet method
2016-06-07 00:22:58 INFO  MainController:52 - ***In editPost method
2016-06-07 00:28:05 INFO  MainController:30 - ***In firstGet method
2016-06-07 00:28:05 INFO  MainController:30 - ***In firstGet method
2016-06-07 00:28:08 INFO  MainController:37 - ***In infoPost method
2016-06-07 00:33:02 INFO  MainController:52 - ***In editPost method
2016-06-07 00:33:03 INFO  MainController:30 - ***In firstGet method
2016-06-07 00:33:04 INFO  MainController:30 - ***In firstGet method
2016-06-07 00:33:07 INFO  MainController:37 - ***In infoPost method
2016-06-07 00:33:09 INFO  MainController:52 - ***In editPost method
2016-06-07 00:33:14 INFO  MainController:52 - ***In editPost method
2016-06-07 00:33:20 INFO  MainController:52 - ***In editPost method
2016-06-07 00:36:00 INFO  MainController:30 - ***In firstGet method
2016-06-07 00:36:00 INFO  MainController:30 - ***In firstGet method
2016-06-07 00:36:03 INFO  MainController:37 - ***In infoPost method
2016-06-07 00:36:05 INFO  MainController:52 - ***In editPost method
2016-06-07 00:36:09 INFO  MainController:52 - ***In editPost method
2016-06-07 00:36:13 INFO  MainController:52 - ***In editPost method
2016-06-07 00:36:33 INFO  MainController:52 - ***In editPost method
2016-06-07 00:36:39 INFO  MainController:52 - ***In editPost method
2016-06-07 00:36:42 INFO  MainController:52 - ***In editPost method
2016-06-07 15:04:43 INFO  MainController:30 - ***In firstGet method
2016-06-07 15:04:46 INFO  MainController:37 - ***In infoPost method
2016-06-07 15:05:00 INFO  MainController:52 - ***In editPost method
2016-06-07 15:52:14 INFO  MainController:31 - ***In firstGet method
2016-06-07 15:52:35 INFO  MainController:38 - ***In infoPost method
2016-06-07 15:52:36 INFO  MainController:46 - ***In editGet method
2016-06-07 15:55:33 INFO  MainController:31 - ***In firstGet method
2016-06-07 15:55:35 INFO  MainController:38 - ***In infoPost method
2016-06-07 15:55:38 INFO  MainController:46 - ***In editGet method
2016-06-07 16:03:29 INFO  MainController:31 - ***In firstGet method
2016-06-07 16:03:34 INFO  MainController:38 - ***In infoPost method
2016-06-07 16:03:36 INFO  MainController:46 - ***In editGet method
2016-06-07 16:03:41 INFO  MainController:53 - ***In editPost method
2016-06-07 16:03:57 INFO  MainController:46 - ***In editGet method
2016-06-07 16:04:00 INFO  MainController:53 - ***In editPost method
2016-06-07 16:04:04 INFO  MainController:53 - ***In editPost method
2016-06-07 16:04:08 INFO  MainController:53 - ***In editPost method
2016-06-07 16:09:56 INFO  MainController:31 - ***In firstGet method
2016-06-07 16:10:00 INFO  MainController:38 - ***In infoPost method
2016-06-07 16:10:01 INFO  MainController:46 - ***In editGet method
2016-06-07 16:10:03 INFO  MainController:31 - ***In firstGet method
2016-06-07 16:10:06 INFO  MainController:38 - ***In infoPost method
2016-06-07 16:10:07 INFO  MainController:46 - ***In editGet method
2016-06-07 16:10:13 INFO  MainController:31 - ***In firstGet method
2016-06-07 16:10:15 INFO  MainController:38 - ***In infoPost method
2016-06-07 16:10:15 INFO  MainController:46 - ***In editGet method
2016-06-07 16:10:21 INFO  MainController:31 - ***In firstGet method
2016-06-07 16:10:24 INFO  MainController:38 - ***In infoPost method
2016-06-07 16:10:26 INFO  MainController:31 - ***In firstGet method
2016-06-07 16:10:27 INFO  MainController:38 - ***In infoPost method
2016-06-07 16:10:28 INFO  MainController:46 - ***In editGet method
2016-06-07 16:10:33 INFO  MainController:53 - ***In editPost method
2016-06-07 16:17:20 INFO  MainController:31 - ***In firstGet method
2016-06-07 16:17:24 INFO  MainController:38 - ***In infoPost method
2016-06-07 16:21:49 INFO  MainController:31 - ***In firstGet method
2016-06-07 16:21:53 INFO  MainController:38 - ***In infoPost method
2016-06-07 16:21:58 INFO  MainController:31 - ***In firstGet method
2016-06-07 16:21:59 INFO  MainController:38 - ***In infoPost method
2016-06-07 16:54:38 INFO  MainController:31 - ***In firstGet method
2016-06-07 16:54:43 INFO  MainController:38 - ***In infoPost method
2016-06-07 16:55:16 INFO  MainController:31 - ***In firstGet method
2016-06-07 17:46:33 INFO  MainController:31 - ***In firstGet method
2016-06-07 17:46:34 INFO  MainController:31 - ***In firstGet method
2016-06-07 17:46:36 INFO  MainController:38 - ***In infoPost method
2016-06-07 20:05:45 INFO  MainController:31 - ***In firstGet method
2016-06-07 20:05:50 INFO  MainController:38 - ***In infoPost method
2016-06-07 20:05:52 INFO  MainController:46 - ***In editGet method
2016-06-07 20:20:29 INFO  MainController:31 - ***In firstGet method
2016-06-07 20:20:34 INFO  MainController:38 - ***In infoPost method
2016-06-07 20:20:36 INFO  MainController:46 - ***In editGet method
2016-06-07 20:24:26 INFO  MainController:31 - ***In firstGet method
2016-06-07 20:24:26 INFO  MainController:31 - ***In firstGet method
2016-06-07 20:24:29 INFO  MainController:38 - ***In infoPost method
2016-06-07 20:24:31 INFO  MainController:46 - ***In editGet method
2016-06-07 20:24:48 INFO  MainController:53 - ***In editPost method
2016-06-07 20:31:08 INFO  MainController:31 - ***In firstGet method
2016-06-07 20:31:08 INFO  MainController:31 - ***In firstGet method
2016-06-07 20:31:11 INFO  MainController:38 - ***In infoPost method
2016-06-07 20:31:14 INFO  MainController:46 - ***In editGet method
2016-06-07 20:31:17 INFO  MainController:53 - ***In editPost method
2016-06-07 20:52:05 INFO  MainController:31 - ***In firstGet method
2016-06-07 20:52:08 INFO  MainController:38 - ***In infoPost method
2016-06-07 20:52:10 INFO  MainController:46 - ***In editGet method
2016-06-07 20:52:14 INFO  MainController:53 - ***In editPost method
2016-06-07 20:52:17 INFO  MainController:53 - ***In editPost method
2016-06-07 20:52:20 INFO  MainController:53 - ***In editPost method
2016-06-07 20:52:27 INFO  MainController:31 - ***In firstGet method
2016-06-07 20:52:29 INFO  MainController:38 - ***In infoPost method
2016-06-07 20:52:30 INFO  MainController:46 - ***In editGet method
2016-06-07 20:52:32 INFO  MainController:53 - ***In editPost method
2016-06-07 20:59:00 INFO  MainController:30 - ***In firstGet method
2016-06-07 20:59:04 INFO  MainController:37 - ***In infoPost method
2016-06-07 20:59:06 INFO  MainController:45 - ***In editGet method
2016-06-07 21:03:22 INFO  MainController:30 - ***In firstGet method
2016-06-07 21:03:27 INFO  MainController:37 - ***In infoPost method
2016-06-07 21:03:30 INFO  MainController:45 - ***In editGet method
2016-06-07 21:50:26 INFO  MainController:30 - ***In firstGet method
2016-06-07 21:50:30 INFO  MainController:37 - ***In infoPost method
2016-06-07 21:50:35 INFO  MainController:45 - ***In editGet method
2016-06-07 21:50:45 INFO  MainController:52 - ***In editPost method
2016-06-07 21:50:45 INFO  MainController:54 - ***After editPost method
2016-06-07 21:50:50 INFO  MainController:52 - ***In editPost method
2016-06-07 21:50:50 INFO  MainController:54 - ***After editPost method
2016-06-07 21:50:52 INFO  MainController:52 - ***In editPost method
2016-06-07 21:50:52 INFO  MainController:54 - ***After editPost method
2016-06-07 21:50:53 INFO  MainController:52 - ***In editPost method
2016-06-07 21:50:53 INFO  MainController:54 - ***After editPost method
2016-06-07 21:50:55 INFO  MainController:52 - ***In editPost method
2016-06-07 21:50:55 INFO  MainController:54 - ***After editPost method
2016-06-07 21:57:58 INFO  MainController:30 - ***In firstGet method
2016-06-07 21:58:03 INFO  MainController:37 - ***In infoPost method
2016-06-07 21:58:04 INFO  MainController:45 - ***In editGet method
2016-06-07 21:58:10 INFO  MainController:52 - ***In editPost method
2016-06-07 21:58:10 INFO  MainController:55 - ***After editPost method
2016-06-07 21:58:17 INFO  MainController:52 - ***In editPost method
2016-06-07 21:58:17 INFO  MainController:55 - ***After editPost method
2016-06-07 21:58:22 INFO  MainController:52 - ***In editPost method
2016-06-07 21:58:22 INFO  MainController:55 - ***After editPost method
2016-06-07 21:58:26 INFO  MainController:52 - ***In editPost method
2016-06-07 21:58:26 INFO  MainController:55 - ***After editPost method
2016-06-07 21:58:32 INFO  MainController:52 - ***In editPost method
2016-06-07 21:58:32 INFO  MainController:55 - ***After editPost method
2016-06-07 22:22:09 INFO  MainController:30 - ***In firstGet method
2016-06-07 22:22:10 INFO  MainController:30 - ***In firstGet method
2016-06-07 22:22:19 INFO  MainController:37 - ***In infoPost method
2016-06-07 22:22:21 INFO  MainController:45 - ***In editGet method
2016-06-07 22:22:34 INFO  MainController:52 - ***In editPost method
2016-06-07 22:22:38 INFO  MainController:52 - ***In editPost method
2016-06-07 22:22:42 INFO  MainController:52 - ***In editPost method
2016-06-07 22:22:47 INFO  MainController:45 - ***In editGet method
2016-06-07 22:22:56 INFO  MainController:45 - ***In editGet method
2016-06-07 22:22:58 INFO  MainController:52 - ***In editPost method
2016-06-07 22:26:02 INFO  MainController:30 - ***In firstGet method
2016-06-07 22:26:02 INFO  MainController:30 - ***In firstGet method
2016-06-07 22:26:09 INFO  MainController:37 - ***In infoPost method
2016-06-07 22:26:11 INFO  MainController:45 - ***In editGet method
2016-06-07 22:26:16 INFO  MainController:52 - ***In editPost method
2016-06-07 22:27:53 INFO  MainController:30 - ***In firstGet method
2016-06-07 22:27:53 INFO  MainController:30 - ***In firstGet method
2016-06-07 22:27:57 INFO  MainController:37 - ***In infoPost method
2016-06-07 22:27:58 INFO  MainController:45 - ***In editGet method
2016-06-07 22:28:01 INFO  MainController:52 - ***In editPost method
2016-06-07 22:28:09 INFO  MainController:52 - ***In editPost method
2016-06-07 22:38:11 INFO  MainController:30 - ***In firstGet method
2016-06-07 22:38:11 INFO  MainController:30 - ***In firstGet method
2016-06-07 22:38:14 INFO  MainController:37 - ***In infoPost method
2016-06-07 22:38:16 INFO  MainController:45 - ***In editGet method
2016-06-07 22:38:18 INFO  MainController:52 - ***In editPost method
2016-06-07 22:38:18 INFO  MainController:55 - ***After editPost method
2016-06-07 22:38:33 INFO  MainController:52 - ***In editPost method
2016-06-07 22:38:33 INFO  MainController:55 - ***After editPost method
2016-06-07 22:38:52 INFO  MainController:52 - ***In editPost method
2016-06-07 22:38:52 INFO  MainController:55 - ***After editPost method
2016-06-07 22:38:54 INFO  MainController:52 - ***In editPost method
2016-06-07 22:38:54 INFO  MainController:55 - ***After editPost method
2016-06-07 22:42:53 INFO  MainController:30 - ***In firstGet method
2016-06-07 22:42:58 INFO  MainController:37 - ***In infoPost method
2016-06-07 22:43:00 INFO  MainController:45 - ***In editGet method
2016-06-07 22:43:05 INFO  MainController:52 - ***In editPost method
2016-06-07 22:43:05 INFO  MainController:55 - ***After editPost method
2016-06-07 22:43:07 INFO  MainController:52 - ***In editPost method
2016-06-07 22:43:07 INFO  MainController:55 - ***After editPost method
2016-06-07 22:43:08 INFO  MainController:52 - ***In editPost method
2016-06-07 22:43:08 INFO  MainController:55 - ***After editPost method
2016-06-07 22:43:10 INFO  MainController:52 - ***In editPost method
2016-06-07 22:43:10 INFO  MainController:55 - ***After editPost method
2016-06-07 22:43:11 INFO  MainController:52 - ***In editPost method
2016-06-07 22:43:11 INFO  MainController:55 - ***After editPost method
2016-06-07 22:43:24 INFO  MainController:52 - ***In editPost method
2016-06-07 22:43:24 INFO  MainController:55 - ***After editPost method
2016-06-07 22:49:42 INFO  MainController:30 - ***In firstGet method
2016-06-07 22:49:43 INFO  MainController:30 - ***In firstGet method
2016-06-07 22:49:46 INFO  MainController:37 - ***In infoPost method
2016-06-07 22:49:47 INFO  MainController:45 - ***In editGet method
2016-06-07 22:49:50 INFO  MainController:52 - ***In editPost method
2016-06-07 22:57:08 INFO  MainController:30 - ***In firstGet method
2016-06-07 22:57:13 INFO  MainController:37 - ***In infoPost method
2016-06-07 22:57:16 INFO  MainController:45 - ***In editGet method
2016-06-07 22:58:32 INFO  MainController:30 - ***In firstGet method
2016-06-07 22:58:34 INFO  MainController:30 - ***In firstGet method
2016-06-07 22:58:37 INFO  MainController:37 - ***In infoPost method
2016-06-07 22:58:39 INFO  MainController:45 - ***In editGet method
2016-06-07 23:03:17 INFO  MainController:30 - ***In firstGet method
2016-06-07 23:03:20 INFO  MainController:37 - ***In infoPost method
2016-06-07 23:03:22 INFO  MainController:45 - ***In editGet method
2016-06-07 23:03:24 INFO  MainController:52 - ***In editPost method
2016-06-07 23:03:28 INFO  MainController:52 - ***In editPost method
2016-06-07 23:03:30 INFO  MainController:52 - ***In editPost method
2016-06-07 23:03:30 INFO  MainController:56 - ***After editPost method
2016-06-07 23:03:37 INFO  MainController:52 - ***In editPost method
2016-06-07 23:03:37 INFO  MainController:56 - ***After editPost method
2016-06-07 23:03:40 INFO  MainController:52 - ***In editPost method
2016-06-07 23:03:40 INFO  MainController:56 - ***After editPost method
2016-06-07 23:03:41 INFO  MainController:52 - ***In editPost method
2016-06-07 23:12:12 INFO  MainController:30 - ***In firstGet method
2016-06-07 23:12:15 INFO  MainController:37 - ***In infoPost method
2016-06-07 23:12:16 INFO  MainController:45 - ***In editGet method
2016-06-07 23:12:19 INFO  MainController:52 - ***In editPost method
2016-06-07 23:12:22 INFO  MainController:52 - ***In editPost method
2016-06-07 23:12:22 INFO  MainController:56 - ***After editPost method
2016-06-07 23:12:25 INFO  MainController:52 - ***In editPost method
2016-06-07 23:12:28 INFO  MainController:52 - ***In editPost method
2016-06-07 23:22:52 INFO  MainController:30 - ***In firstGet method
2016-06-07 23:22:55 INFO  MainController:37 - ***In infoPost method
2016-06-07 23:22:57 INFO  MainController:45 - ***In editGet method
2016-06-07 23:23:02 INFO  MainController:52 - ***In editPost method
2016-06-07 23:23:02 INFO  MainController:55 - ***After editPost method
2016-06-07 23:23:06 INFO  MainController:52 - ***In editPost method
2016-06-07 23:23:06 INFO  MainController:55 - ***After editPost method
2016-06-07 23:23:09 INFO  MainController:52 - ***In editPost method
2016-06-07 23:23:09 INFO  MainController:55 - ***After editPost method
2016-06-07 23:46:29 INFO  MainController:30 - ***In firstGet method
2016-06-07 23:46:30 INFO  MainController:30 - ***In firstGet method
2016-06-07 23:46:32 INFO  MainController:37 - ***In infoPost method
2016-06-07 23:46:34 INFO  MainController:45 - ***In editGet method
2016-06-07 23:46:48 INFO  MainController:52 - ***In editPost method
2016-06-07 23:46:52 INFO  MainController:52 - ***In editPost method
2016-06-07 23:46:56 INFO  MainController:52 - ***In editPost method
2016-06-08 23:18:43 INFO  MainController:29 - ***In firstGet method
2016-06-08 23:18:46 INFO  MainController:36 - ***In infoPost method
2016-06-08 23:18:48 INFO  MainController:44 - ***In editGet method
2016-06-08 23:22:39 INFO  MainController:29 - ***In firstGet method
2016-06-08 23:22:41 INFO  MainController:36 - ***In infoPost method
2016-06-08 23:22:43 INFO  MainController:44 - ***In editGet method
2016-06-08 23:22:50 INFO  MainController:29 - ***In firstGet method
2016-06-08 23:22:52 INFO  MainController:36 - ***In infoPost method
2016-06-08 23:22:55 INFO  MainController:29 - ***In firstGet method
2016-06-08 23:22:58 INFO  MainController:36 - ***In infoPost method
2016-06-08 23:22:59 INFO  MainController:44 - ***In editGet method
2016-06-08 23:23:01 INFO  MainController:29 - ***In firstGet method
2016-06-08 23:23:02 INFO  MainController:36 - ***In infoPost method
2016-06-08 23:23:04 INFO  MainController:44 - ***In editGet method
2016-06-08 23:23:41 INFO  MainController:54 - ***In editPost method
2016-06-08 23:24:18 INFO  MainController:54 - ***In editPost method
2016-06-08 23:24:18 INFO  MainController:58 - ***After editPost method
2016-06-08 23:25:33 INFO  MainController:54 - ***In editPost method
2016-06-08 23:25:33 INFO  MainController:58 - ***After editPost method
2016-06-08 23:26:11 INFO  MainController:54 - ***In editPost method
2016-06-08 23:26:11 INFO  MainController:58 - ***After editPost method
2016-06-08 23:27:43 INFO  MainController:29 - ***In firstGet method
2016-06-08 23:27:46 INFO  MainController:36 - ***In infoPost method
2016-06-08 23:27:49 INFO  MainController:44 - ***In editGet method
2016-06-08 23:28:02 INFO  MainController:54 - ***In editPost method
2016-06-08 23:28:02 INFO  MainController:58 - ***After editPost method
2016-06-08 23:28:26 INFO  MainController:54 - ***In editPost method
2016-06-08 23:28:26 INFO  MainController:58 - ***After editPost method
2016-06-08 23:31:00 INFO  MainController:29 - ***In firstGet method
2016-06-08 23:31:03 INFO  MainController:36 - ***In infoPost method
2016-06-08 23:31:05 INFO  MainController:44 - ***In editGet method
2016-06-08 23:31:22 INFO  MainController:54 - ***In editPost method
2016-06-08 23:31:22 INFO  MainController:58 - ***After editPost method
2016-06-08 23:34:04 INFO  MainController:29 - ***In firstGet method
2016-06-08 23:34:07 INFO  MainController:36 - ***In infoPost method
2016-06-08 23:34:08 INFO  MainController:44 - ***In editGet method
2016-06-08 23:37:42 INFO  MainController:29 - ***In firstGet method
2016-06-08 23:37:45 INFO  MainController:36 - ***In infoPost method
2016-06-08 23:37:46 INFO  MainController:44 - ***In editGet method
2016-06-08 23:39:06 INFO  MainController:29 - ***In firstGet method
2016-06-08 23:39:10 INFO  MainController:36 - ***In infoPost method
2016-06-08 23:39:11 INFO  MainController:44 - ***In editGet method
2016-06-08 23:39:15 INFO  MainController:54 - ***In editPost method
2016-06-08 23:39:15 INFO  MainController:58 - ***After editPost method
2016-06-08 23:39:39 INFO  MainController:54 - ***In editPost method
2016-06-08 23:39:39 INFO  MainController:58 - ***After editPost method
2016-06-08 23:39:42 INFO  MainController:54 - ***In editPost method
2016-06-08 23:39:42 INFO  MainController:58 - ***After editPost method
2016-06-08 23:40:00 INFO  MainController:54 - ***In editPost method
2016-06-08 23:40:00 INFO  MainController:58 - ***After editPost method
2016-06-09 23:08:08 INFO  MainController:29 - ***In firstGet method
2016-06-09 23:08:09 INFO  MainController:29 - ***In firstGet method
2016-06-09 23:08:12 INFO  MainController:36 - ***In infoPost method
2016-06-09 23:08:14 INFO  MainController:44 - ***In editGet method
2016-06-09 23:08:24 INFO  MainController:51 - ***In editPost method
2016-06-09 23:08:24 INFO  MainController:54 - ***After editPost method
2016-06-09 23:08:50 INFO  MainController:51 - ***In editPost method
2016-06-09 23:08:51 INFO  MainController:54 - ***After editPost method
2016-06-09 23:10:31 INFO  MainController:51 - ***In editPost method
2016-06-09 23:10:38 INFO  MainController:51 - ***In editPost method
2016-06-09 23:10:38 INFO  MainController:54 - ***After editPost method
2016-06-09 23:10:50 INFO  MainController:51 - ***In editPost method
2016-06-09 23:10:50 INFO  MainController:54 - ***After editPost method
2016-06-09 23:10:52 INFO  MainController:51 - ***In editPost method
2016-06-09 23:10:52 INFO  MainController:54 - ***After editPost method
2016-06-09 23:37:22 INFO  MainController:29 - ***In firstGet method
2016-06-09 23:37:23 INFO  MainController:29 - ***In firstGet method
2016-06-09 23:38:02 INFO  MainController:36 - ***In infoPost method
2016-06-09 23:42:01 INFO  MainController:29 - ***In firstGet method
2016-06-09 23:42:01 INFO  MainController:29 - ***In firstGet method
2016-06-09 23:42:05 INFO  MainController:36 - ***In infoPost method
2016-06-09 23:42:09 INFO  MainController:36 - ***In infoPost method
2016-06-09 23:45:52 INFO  MainController:29 - ***In firstGet method
2016-06-09 23:45:54 INFO  MainController:36 - ***In infoPost method
2016-06-09 23:47:34 INFO  MainController:29 - ***In firstGet method
2016-06-09 23:47:35 INFO  MainController:29 - ***In firstGet method
2016-06-09 23:47:58 INFO  MainController:36 - ***In infoPost method
2016-06-10 22:32:54 INFO  MainController:29 - ***In firstGet method
2016-06-10 22:32:56 INFO  MainController:29 - ***In firstGet method
2016-06-10 22:33:14 INFO  MainController:36 - ***In infoPost method
2016-06-10 22:33:18 INFO  MainController:36 - ***In infoPost method
2016-06-10 22:33:23 INFO  MainController:45 - ***In editGet method
2016-06-10 22:33:28 INFO  MainController:52 - ***In editPost method
2016-06-10 22:33:28 INFO  MainController:55 - ***After editPost method
2016-06-10 22:33:32 INFO  MainController:52 - ***In editPost method
2016-06-10 22:33:32 INFO  MainController:55 - ***After editPost method
2016-06-10 22:33:33 INFO  MainController:52 - ***In editPost method
2016-06-10 22:33:33 INFO  MainController:55 - ***After editPost method
2016-06-10 22:33:35 INFO  MainController:52 - ***In editPost method
2016-06-10 22:33:35 INFO  MainController:55 - ***After editPost method
2016-06-10 22:33:47 INFO  MainController:52 - ***In editPost method
2016-06-10 22:33:47 INFO  MainController:55 - ***After editPost method
2016-06-10 22:33:48 INFO  MainController:52 - ***In editPost method
2016-06-10 22:33:48 INFO  MainController:55 - ***After editPost method
2016-06-10 22:33:49 INFO  MainController:52 - ***In editPost method
2016-06-10 22:33:49 INFO  MainController:55 - ***After editPost method
2016-06-10 22:33:50 INFO  MainController:52 - ***In editPost method
2016-06-10 22:33:50 INFO  MainController:55 - ***After editPost method
2016-06-10 23:21:39 INFO  MainController:30 - ***In firstGet method
2016-06-10 23:21:39 INFO  MainController:30 - ***In firstGet method
2016-06-10 23:21:43 INFO  MainController:37 - ***In infoPost method
2016-06-10 23:22:05 INFO  MainController:45 - ***In editGet method
2016-06-10 23:22:25 INFO  MainController:45 - ***In editGet method
2016-06-10 23:22:27 INFO  MainController:30 - ***In firstGet method
2016-06-10 23:25:39 INFO  MainController:30 - ***In firstGet method
2016-06-10 23:25:39 INFO  MainController:30 - ***In firstGet method
2016-06-10 23:25:43 INFO  MainController:37 - ***In infoPost method
2016-06-10 23:29:30 INFO  MainController:30 - ***In firstGet method
2016-06-10 23:29:35 INFO  MainController:37 - ***In infoPost method
2016-06-10 23:29:37 INFO  MainController:45 - ***In editGet method
2016-06-10 23:29:47 INFO  MainController:30 - ***In firstGet method
2016-06-10 23:34:31 INFO  MainController:30 - ***In firstGet method
2016-06-10 23:34:34 INFO  MainController:37 - ***In infoPost method
2016-06-10 23:34:41 INFO  MainController:45 - ***In editGet method
2016-06-10 23:34:53 INFO  MainController:52 - ***In editPost method
2016-06-10 23:39:21 INFO  MainController:30 - ***In firstGet method
2016-06-10 23:39:22 INFO  MainController:30 - ***In firstGet method
2016-06-10 23:39:25 INFO  MainController:37 - ***In infoPost method
2016-06-10 23:39:29 INFO  MainController:45 - ***In editGet method
2016-06-10 23:39:33 INFO  MainController:52 - ***In editPost method
2016-06-11 23:35:28 INFO  MainController:30 - ***In firstGet method
2016-06-11 23:35:28 INFO  MainController:30 - ***In firstGet method
2016-06-11 23:35:34 INFO  MainController:37 - ***In infoPost method
2016-06-11 23:35:37 INFO  MainController:45 - ***In editGet method
2016-06-11 23:36:05 INFO  MainController:30 - ***In firstGet method
2016-06-11 23:36:07 INFO  MainController:45 - ***In editGet method
2016-06-11 23:36:12 INFO  MainController:45 - ***In editGet method
